<?xml version="1.0" encoding="UTF-8"?>
<testng-results ignored="0" total="1" passed="1" failed="0" skipped="0">
  <reporter-output>
  </reporter-output>
  <suite started-at="2024-01-02T11:54:58 UTC" name="Surefire suite" finished-at="2024-01-02T11:55:06 UTC" duration-ms="8104">
    <groups>
    </groups>
    <test started-at="2024-01-02T11:54:58 UTC" name="Surefire test" finished-at="2024-01-02T11:55:06 UTC" duration-ms="8104">
      <class name="runner.Testcase1">
        <test-method is-config="true" signature="beforeMethod()[pri:0, instance:runner.Testcase1@793138bd]" started-at="2024-01-02T11:54:58 UTC" name="beforeMethod" finished-at="2024-01-02T11:55:03 UTC" duration-ms="5480" status="PASS">
          <reporter-output>
          </reporter-output>
        </test-method> <!-- beforeMethod -->
        <test-method signature="TC_001()[pri:1, instance:runner.Testcase1@793138bd]" started-at="2024-01-02T11:55:03 UTC" name="TC_001" finished-at="2024-01-02T11:55:05 UTC" duration-ms="2014" status="PASS">
          <reporter-output>
          </reporter-output>
        </test-method> <!-- TC_001 -->
        <test-method is-config="true" signature="afterMethod()[pri:0, instance:runner.Testcase1@793138bd]" started-at="2024-01-02T11:55:05 UTC" name="afterMethod" finished-at="2024-01-02T11:55:06 UTC" duration-ms="512" status="PASS">
          <reporter-output>
          </reporter-output>
        </test-method> <!-- afterMethod -->
      </class> <!-- runner.Testcase1 -->
    </test> <!-- Surefire test -->
  </suite> <!-- Surefire suite -->
</testng-results>
